<?xml version="1.0" encoding="UTF-8"?>
<testsuite xmlns:xsi="http://www.w3.org/2001/XMLSchema-instance" xsi:noNamespaceSchemaLocation="https://maven.apache.org/surefire/maven-surefire-plugin/xsd/surefire-test-report.xsd" name="com.disapand.mall.MallApplicationTests" time="4.612" tests="1" errors="0" skipped="0" failures="0">
  <properties>
    <property name="sun.desktop" value="windows"/>
    <property name="awt.toolkit" value="sun.awt.windows.WToolkit"/>
    <property name="file.encoding.pkg" value="sun.io"/>
    <property name="java.specification.version" value="1.8"/>
    <property name="sun.cpu.isalist" value="amd64"/>
    <property name="sun.jnu.encoding" value="GBK"/>
    <property name="java.class.path" value="F:\workspace\mall\target\test-classes;F:\workspace\mall\target\classes;E:\apache-maven-3.6.3\repo\org\springframework\boot\spring-boot-starter-web\2.3.4.RELEASE\spring-boot-starter-web-2.3.4.RELEASE.jar;E:\apache-maven-3.6.3\repo\org\springframework\boot\spring-boot-starter\2.3.4.RELEASE\spring-boot-starter-2.3.4.RELEASE.jar;E:\apache-maven-3.6.3\repo\org\springframework\boot\spring-boot-starter-logging\2.3.4.RELEASE\spring-boot-starter-logging-2.3.4.RELEASE.jar;E:\apache-maven-3.6.3\repo\ch\qos\logback\logback-classic\1.2.3\logback-classic-1.2.3.jar;E:\apache-maven-3.6.3\repo\ch\qos\logback\logback-core\1.2.3\logback-core-1.2.3.jar;E:\apache-maven-3.6.3\repo\org\apache\logging\log4j\log4j-to-slf4j\2.13.3\log4j-to-slf4j-2.13.3.jar;E:\apache-maven-3.6.3\repo\org\apache\logging\log4j\log4j-api\2.13.3\log4j-api-2.13.3.jar;E:\apache-maven-3.6.3\repo\org\slf4j\jul-to-slf4j\1.7.30\jul-to-slf4j-1.7.30.jar;E:\apache-maven-3.6.3\repo\org\yaml\snakeyaml\1.26\snakeyaml-1.26.jar;E:\apache-maven-3.6.3\repo\org\springframework\boot\spring-boot-starter-json\2.3.4.RELEASE\spring-boot-starter-json-2.3.4.RELEASE.jar;E:\apache-maven-3.6.3\repo\com\fasterxml\jackson\core\jackson-databind\2.11.2\jackson-databind-2.11.2.jar;E:\apache-maven-3.6.3\repo\com\fasterxml\jackson\core\jackson-core\2.11.2\jackson-core-2.11.2.jar;E:\apache-maven-3.6.3\repo\com\fasterxml\jackson\datatype\jackson-datatype-jdk8\2.11.2\jackson-datatype-jdk8-2.11.2.jar;E:\apache-maven-3.6.3\repo\com\fasterxml\jackson\datatype\jackson-datatype-jsr310\2.11.2\jackson-datatype-jsr310-2.11.2.jar;E:\apache-maven-3.6.3\repo\com\fasterxml\jackson\module\jackson-module-parameter-names\2.11.2\jackson-module-parameter-names-2.11.2.jar;E:\apache-maven-3.6.3\repo\org\springframework\spring-web\5.2.9.RELEASE\spring-web-5.2.9.RELEASE.jar;E:\apache-maven-3.6.3\repo\org\springframework\spring-beans\5.2.9.RELEASE\spring-beans-5.2.9.RELEASE.jar;E:\apache-maven-3.6.3\repo\org\springframework\spring-webmvc\5.2.9.RELEASE\spring-webmvc-5.2.9.RELEASE.jar;E:\apache-maven-3.6.3\repo\org\springframework\spring-aop\5.2.9.RELEASE\spring-aop-5.2.9.RELEASE.jar;E:\apache-maven-3.6.3\repo\org\springframework\spring-context\5.2.9.RELEASE\spring-context-5.2.9.RELEASE.jar;E:\apache-maven-3.6.3\repo\org\springframework\spring-expression\5.2.9.RELEASE\spring-expression-5.2.9.RELEASE.jar;E:\apache-maven-3.6.3\repo\org\springframework\boot\spring-boot-devtools\2.3.4.RELEASE\spring-boot-devtools-2.3.4.RELEASE.jar;E:\apache-maven-3.6.3\repo\org\springframework\boot\spring-boot\2.3.4.RELEASE\spring-boot-2.3.4.RELEASE.jar;E:\apache-maven-3.6.3\repo\org\springframework\boot\spring-boot-autoconfigure\2.3.4.RELEASE\spring-boot-autoconfigure-2.3.4.RELEASE.jar;E:\apache-maven-3.6.3\repo\com\baomidou\mybatis-plus-boot-starter\3.4.0\mybatis-plus-boot-starter-3.4.0.jar;E:\apache-maven-3.6.3\repo\com\baomidou\mybatis-plus\3.4.0\mybatis-plus-3.4.0.jar;E:\apache-maven-3.6.3\repo\com\baomidou\mybatis-plus-extension\3.4.0\mybatis-plus-extension-3.4.0.jar;E:\apache-maven-3.6.3\repo\com\baomidou\mybatis-plus-core\3.4.0\mybatis-plus-core-3.4.0.jar;E:\apache-maven-3.6.3\repo\com\baomidou\mybatis-plus-annotation\3.4.0\mybatis-plus-annotation-3.4.0.jar;E:\apache-maven-3.6.3\repo\com\github\jsqlparser\jsqlparser\3.2\jsqlparser-3.2.jar;E:\apache-maven-3.6.3\repo\org\mybatis\mybatis\3.5.5\mybatis-3.5.5.jar;E:\apache-maven-3.6.3\repo\org\mybatis\mybatis-spring\2.0.5\mybatis-spring-2.0.5.jar;E:\apache-maven-3.6.3\repo\org\springframework\boot\spring-boot-starter-jdbc\2.3.4.RELEASE\spring-boot-starter-jdbc-2.3.4.RELEASE.jar;E:\apache-maven-3.6.3\repo\com\zaxxer\HikariCP\3.4.5\HikariCP-3.4.5.jar;E:\apache-maven-3.6.3\repo\org\springframework\spring-jdbc\5.2.9.RELEASE\spring-jdbc-5.2.9.RELEASE.jar;E:\apache-maven-3.6.3\repo\org\springframework\spring-tx\5.2.9.RELEASE\spring-tx-5.2.9.RELEASE.jar;E:\apache-maven-3.6.3\repo\mysql\mysql-connector-java\8.0.21\mysql-connector-java-8.0.21.jar;E:\apache-maven-3.6.3\repo\io\springfox\springfox-swagger2\2.9.2\springfox-swagger2-2.9.2.jar;E:\apache-maven-3.6.3\repo\io\swagger\swagger-annotations\1.5.20\swagger-annotations-1.5.20.jar;E:\apache-maven-3.6.3\repo\io\swagger\swagger-models\1.5.20\swagger-models-1.5.20.jar;E:\apache-maven-3.6.3\repo\com\fasterxml\jackson\core\jackson-annotations\2.11.2\jackson-annotations-2.11.2.jar;E:\apache-maven-3.6.3\repo\io\springfox\springfox-spi\2.9.2\springfox-spi-2.9.2.jar;E:\apache-maven-3.6.3\repo\io\springfox\springfox-core\2.9.2\springfox-core-2.9.2.jar;E:\apache-maven-3.6.3\repo\io\springfox\springfox-schema\2.9.2\springfox-schema-2.9.2.jar;E:\apache-maven-3.6.3\repo\io\springfox\springfox-swagger-common\2.9.2\springfox-swagger-common-2.9.2.jar;E:\apache-maven-3.6.3\repo\io\springfox\springfox-spring-web\2.9.2\springfox-spring-web-2.9.2.jar;E:\apache-maven-3.6.3\repo\com\google\guava\guava\20.0\guava-20.0.jar;E:\apache-maven-3.6.3\repo\com\fasterxml\classmate\1.5.1\classmate-1.5.1.jar;E:\apache-maven-3.6.3\repo\org\slf4j\slf4j-api\1.7.30\slf4j-api-1.7.30.jar;E:\apache-maven-3.6.3\repo\org\springframework\plugin\spring-plugin-core\1.2.0.RELEASE\spring-plugin-core-1.2.0.RELEASE.jar;E:\apache-maven-3.6.3\repo\org\springframework\plugin\spring-plugin-metadata\1.2.0.RELEASE\spring-plugin-metadata-1.2.0.RELEASE.jar;E:\apache-maven-3.6.3\repo\org\mapstruct\mapstruct\1.2.0.Final\mapstruct-1.2.0.Final.jar;E:\apache-maven-3.6.3\repo\com\github\xiaoymin\knife4j-spring-boot-starter\2.0.5\knife4j-spring-boot-starter-2.0.5.jar;E:\apache-maven-3.6.3\repo\com\github\xiaoymin\knife4j-spring-boot-autoconfigure\2.0.5\knife4j-spring-boot-autoconfigure-2.0.5.jar;E:\apache-maven-3.6.3\repo\com\github\xiaoymin\knife4j-spring\2.0.5\knife4j-spring-2.0.5.jar;E:\apache-maven-3.6.3\repo\com\github\xiaoymin\knife4j-annotations\2.0.5\knife4j-annotations-2.0.5.jar;E:\apache-maven-3.6.3\repo\com\github\xiaoymin\knife4j-core\2.0.5\knife4j-core-2.0.5.jar;E:\apache-maven-3.6.3\repo\org\javassist\javassist\3.25.0-GA\javassist-3.25.0-GA.jar;E:\apache-maven-3.6.3\repo\io\springfox\springfox-bean-validators\2.9.2\springfox-bean-validators-2.9.2.jar;E:\apache-maven-3.6.3\repo\com\github\xiaoymin\knife4j-spring-ui\2.0.5\knife4j-spring-ui-2.0.5.jar;E:\apache-maven-3.6.3\repo\org\projectlombok\lombok\1.18.12\lombok-1.18.12.jar;E:\apache-maven-3.6.3\repo\org\springframework\boot\spring-boot-starter-tomcat\2.3.4.RELEASE\spring-boot-starter-tomcat-2.3.4.RELEASE.jar;E:\apache-maven-3.6.3\repo\jakarta\annotation\jakarta.annotation-api\1.3.5\jakarta.annotation-api-1.3.5.jar;E:\apache-maven-3.6.3\repo\org\apache\tomcat\embed\tomcat-embed-core\9.0.38\tomcat-embed-core-9.0.38.jar;E:\apache-maven-3.6.3\repo\org\glassfish\jakarta.el\3.0.3\jakarta.el-3.0.3.jar;E:\apache-maven-3.6.3\repo\org\apache\tomcat\embed\tomcat-embed-websocket\9.0.38\tomcat-embed-websocket-9.0.38.jar;E:\apache-maven-3.6.3\repo\org\springframework\boot\spring-boot-starter-test\2.3.4.RELEASE\spring-boot-starter-test-2.3.4.RELEASE.jar;E:\apache-maven-3.6.3\repo\org\springframework\boot\spring-boot-test\2.3.4.RELEASE\spring-boot-test-2.3.4.RELEASE.jar;E:\apache-maven-3.6.3\repo\org\springframework\boot\spring-boot-test-autoconfigure\2.3.4.RELEASE\spring-boot-test-autoconfigure-2.3.4.RELEASE.jar;E:\apache-maven-3.6.3\repo\com\jayway\jsonpath\json-path\2.4.0\json-path-2.4.0.jar;E:\apache-maven-3.6.3\repo\net\minidev\json-smart\2.3\json-smart-2.3.jar;E:\apache-maven-3.6.3\repo\net\minidev\accessors-smart\1.2\accessors-smart-1.2.jar;E:\apache-maven-3.6.3\repo\org\ow2\asm\asm\5.0.4\asm-5.0.4.jar;E:\apache-maven-3.6.3\repo\jakarta\xml\bind\jakarta.xml.bind-api\2.3.3\jakarta.xml.bind-api-2.3.3.jar;E:\apache-maven-3.6.3\repo\jakarta\activation\jakarta.activation-api\1.2.2\jakarta.activation-api-1.2.2.jar;E:\apache-maven-3.6.3\repo\org\assertj\assertj-core\3.16.1\assertj-core-3.16.1.jar;E:\apache-maven-3.6.3\repo\org\hamcrest\hamcrest\2.2\hamcrest-2.2.jar;E:\apache-maven-3.6.3\repo\org\junit\jupiter\junit-jupiter\5.6.2\junit-jupiter-5.6.2.jar;E:\apache-maven-3.6.3\repo\org\junit\jupiter\junit-jupiter-api\5.6.2\junit-jupiter-api-5.6.2.jar;E:\apache-maven-3.6.3\repo\org\apiguardian\apiguardian-api\1.1.0\apiguardian-api-1.1.0.jar;E:\apache-maven-3.6.3\repo\org\opentest4j\opentest4j\1.2.0\opentest4j-1.2.0.jar;E:\apache-maven-3.6.3\repo\org\junit\platform\junit-platform-commons\1.6.2\junit-platform-commons-1.6.2.jar;E:\apache-maven-3.6.3\repo\org\junit\jupiter\junit-jupiter-params\5.6.2\junit-jupiter-params-5.6.2.jar;E:\apache-maven-3.6.3\repo\org\junit\jupiter\junit-jupiter-engine\5.6.2\junit-jupiter-engine-5.6.2.jar;E:\apache-maven-3.6.3\repo\org\junit\platform\junit-platform-engine\1.6.2\junit-platform-engine-1.6.2.jar;E:\apache-maven-3.6.3\repo\org\mockito\mockito-core\3.3.3\mockito-core-3.3.3.jar;E:\apache-maven-3.6.3\repo\net\bytebuddy\byte-buddy\1.10.14\byte-buddy-1.10.14.jar;E:\apache-maven-3.6.3\repo\net\bytebuddy\byte-buddy-agent\1.10.14\byte-buddy-agent-1.10.14.jar;E:\apache-maven-3.6.3\repo\org\objenesis\objenesis\2.6\objenesis-2.6.jar;E:\apache-maven-3.6.3\repo\org\mockito\mockito-junit-jupiter\3.3.3\mockito-junit-jupiter-3.3.3.jar;E:\apache-maven-3.6.3\repo\org\skyscreamer\jsonassert\1.5.0\jsonassert-1.5.0.jar;E:\apache-maven-3.6.3\repo\com\vaadin\external\google\android-json\0.0.20131108.vaadin1\android-json-0.0.20131108.vaadin1.jar;E:\apache-maven-3.6.3\repo\org\springframework\spring-core\5.2.9.RELEASE\spring-core-5.2.9.RELEASE.jar;E:\apache-maven-3.6.3\repo\org\springframework\spring-jcl\5.2.9.RELEASE\spring-jcl-5.2.9.RELEASE.jar;E:\apache-maven-3.6.3\repo\org\springframework\spring-test\5.2.9.RELEASE\spring-test-5.2.9.RELEASE.jar;E:\apache-maven-3.6.3\repo\org\xmlunit\xmlunit-core\2.7.0\xmlunit-core-2.7.0.jar;"/>
    <property name="java.vm.vendor" value="BellSoft"/>
    <property name="sun.arch.data.model" value="64"/>
    <property name="user.variant" value=""/>
    <property name="java.vendor.url" value="https://bell-sw.com/"/>
    <property name="user.timezone" value="Asia/Shanghai"/>
    <property name="java.vm.specification.version" value="1.8"/>
    <property name="os.name" value="Windows 10"/>
    <property name="user.country" value="CN"/>
    <property name="sun.java.launcher" value="SUN_STANDARD"/>
    <property name="sun.boot.library.path" value="C:\Program Files\BellSoft\LibericaJDK-8\jre\bin"/>
    <property name="sun.java.command" value="C:\Users\AOXIAN~1\AppData\Local\Temp\surefire3579044096509733890\surefirebooter474027603063989570.jar C:\Users\aoxiang-zhangqian\AppData\Local\Temp\surefire3579044096509733890 2020-10-14T16-43-26_386-jvmRun1 surefire326854047230633148tmp surefire_09007054788551540350tmp"/>
    <property name="surefire.test.class.path" value="F:\workspace\mall\target\test-classes;F:\workspace\mall\target\classes;E:\apache-maven-3.6.3\repo\org\springframework\boot\spring-boot-starter-web\2.3.4.RELEASE\spring-boot-starter-web-2.3.4.RELEASE.jar;E:\apache-maven-3.6.3\repo\org\springframework\boot\spring-boot-starter\2.3.4.RELEASE\spring-boot-starter-2.3.4.RELEASE.jar;E:\apache-maven-3.6.3\repo\org\springframework\boot\spring-boot-starter-logging\2.3.4.RELEASE\spring-boot-starter-logging-2.3.4.RELEASE.jar;E:\apache-maven-3.6.3\repo\ch\qos\logback\logback-classic\1.2.3\logback-classic-1.2.3.jar;E:\apache-maven-3.6.3\repo\ch\qos\logback\logback-core\1.2.3\logback-core-1.2.3.jar;E:\apache-maven-3.6.3\repo\org\apache\logging\log4j\log4j-to-slf4j\2.13.3\log4j-to-slf4j-2.13.3.jar;E:\apache-maven-3.6.3\repo\org\apache\logging\log4j\log4j-api\2.13.3\log4j-api-2.13.3.jar;E:\apache-maven-3.6.3\repo\org\slf4j\jul-to-slf4j\1.7.30\jul-to-slf4j-1.7.30.jar;E:\apache-maven-3.6.3\repo\org\yaml\snakeyaml\1.26\snakeyaml-1.26.jar;E:\apache-maven-3.6.3\repo\org\springframework\boot\spring-boot-starter-json\2.3.4.RELEASE\spring-boot-starter-json-2.3.4.RELEASE.jar;E:\apache-maven-3.6.3\repo\com\fasterxml\jackson\core\jackson-databind\2.11.2\jackson-databind-2.11.2.jar;E:\apache-maven-3.6.3\repo\com\fasterxml\jackson\core\jackson-core\2.11.2\jackson-core-2.11.2.jar;E:\apache-maven-3.6.3\repo\com\fasterxml\jackson\datatype\jackson-datatype-jdk8\2.11.2\jackson-datatype-jdk8-2.11.2.jar;E:\apache-maven-3.6.3\repo\com\fasterxml\jackson\datatype\jackson-datatype-jsr310\2.11.2\jackson-datatype-jsr310-2.11.2.jar;E:\apache-maven-3.6.3\repo\com\fasterxml\jackson\module\jackson-module-parameter-names\2.11.2\jackson-module-parameter-names-2.11.2.jar;E:\apache-maven-3.6.3\repo\org\springframework\spring-web\5.2.9.RELEASE\spring-web-5.2.9.RELEASE.jar;E:\apache-maven-3.6.3\repo\org\springframework\spring-beans\5.2.9.RELEASE\spring-beans-5.2.9.RELEASE.jar;E:\apache-maven-3.6.3\repo\org\springframework\spring-webmvc\5.2.9.RELEASE\spring-webmvc-5.2.9.RELEASE.jar;E:\apache-maven-3.6.3\repo\org\springframework\spring-aop\5.2.9.RELEASE\spring-aop-5.2.9.RELEASE.jar;E:\apache-maven-3.6.3\repo\org\springframework\spring-context\5.2.9.RELEASE\spring-context-5.2.9.RELEASE.jar;E:\apache-maven-3.6.3\repo\org\springframework\spring-expression\5.2.9.RELEASE\spring-expression-5.2.9.RELEASE.jar;E:\apache-maven-3.6.3\repo\org\springframework\boot\spring-boot-devtools\2.3.4.RELEASE\spring-boot-devtools-2.3.4.RELEASE.jar;E:\apache-maven-3.6.3\repo\org\springframework\boot\spring-boot\2.3.4.RELEASE\spring-boot-2.3.4.RELEASE.jar;E:\apache-maven-3.6.3\repo\org\springframework\boot\spring-boot-autoconfigure\2.3.4.RELEASE\spring-boot-autoconfigure-2.3.4.RELEASE.jar;E:\apache-maven-3.6.3\repo\com\baomidou\mybatis-plus-boot-starter\3.4.0\mybatis-plus-boot-starter-3.4.0.jar;E:\apache-maven-3.6.3\repo\com\baomidou\mybatis-plus\3.4.0\mybatis-plus-3.4.0.jar;E:\apache-maven-3.6.3\repo\com\baomidou\mybatis-plus-extension\3.4.0\mybatis-plus-extension-3.4.0.jar;E:\apache-maven-3.6.3\repo\com\baomidou\mybatis-plus-core\3.4.0\mybatis-plus-core-3.4.0.jar;E:\apache-maven-3.6.3\repo\com\baomidou\mybatis-plus-annotation\3.4.0\mybatis-plus-annotation-3.4.0.jar;E:\apache-maven-3.6.3\repo\com\github\jsqlparser\jsqlparser\3.2\jsqlparser-3.2.jar;E:\apache-maven-3.6.3\repo\org\mybatis\mybatis\3.5.5\mybatis-3.5.5.jar;E:\apache-maven-3.6.3\repo\org\mybatis\mybatis-spring\2.0.5\mybatis-spring-2.0.5.jar;E:\apache-maven-3.6.3\repo\org\springframework\boot\spring-boot-starter-jdbc\2.3.4.RELEASE\spring-boot-starter-jdbc-2.3.4.RELEASE.jar;E:\apache-maven-3.6.3\repo\com\zaxxer\HikariCP\3.4.5\HikariCP-3.4.5.jar;E:\apache-maven-3.6.3\repo\org\springframework\spring-jdbc\5.2.9.RELEASE\spring-jdbc-5.2.9.RELEASE.jar;E:\apache-maven-3.6.3\repo\org\springframework\spring-tx\5.2.9.RELEASE\spring-tx-5.2.9.RELEASE.jar;E:\apache-maven-3.6.3\repo\mysql\mysql-connector-java\8.0.21\mysql-connector-java-8.0.21.jar;E:\apache-maven-3.6.3\repo\io\springfox\springfox-swagger2\2.9.2\springfox-swagger2-2.9.2.jar;E:\apache-maven-3.6.3\repo\io\swagger\swagger-annotations\1.5.20\swagger-annotations-1.5.20.jar;E:\apache-maven-3.6.3\repo\io\swagger\swagger-models\1.5.20\swagger-models-1.5.20.jar;E:\apache-maven-3.6.3\repo\com\fasterxml\jackson\core\jackson-annotations\2.11.2\jackson-annotations-2.11.2.jar;E:\apache-maven-3.6.3\repo\io\springfox\springfox-spi\2.9.2\springfox-spi-2.9.2.jar;E:\apache-maven-3.6.3\repo\io\springfox\springfox-core\2.9.2\springfox-core-2.9.2.jar;E:\apache-maven-3.6.3\repo\io\springfox\springfox-schema\2.9.2\springfox-schema-2.9.2.jar;E:\apache-maven-3.6.3\repo\io\springfox\springfox-swagger-common\2.9.2\springfox-swagger-common-2.9.2.jar;E:\apache-maven-3.6.3\repo\io\springfox\springfox-spring-web\2.9.2\springfox-spring-web-2.9.2.jar;E:\apache-maven-3.6.3\repo\com\google\guava\guava\20.0\guava-20.0.jar;E:\apache-maven-3.6.3\repo\com\fasterxml\classmate\1.5.1\classmate-1.5.1.jar;E:\apache-maven-3.6.3\repo\org\slf4j\slf4j-api\1.7.30\slf4j-api-1.7.30.jar;E:\apache-maven-3.6.3\repo\org\springframework\plugin\spring-plugin-core\1.2.0.RELEASE\spring-plugin-core-1.2.0.RELEASE.jar;E:\apache-maven-3.6.3\repo\org\springframework\plugin\spring-plugin-metadata\1.2.0.RELEASE\spring-plugin-metadata-1.2.0.RELEASE.jar;E:\apache-maven-3.6.3\repo\org\mapstruct\mapstruct\1.2.0.Final\mapstruct-1.2.0.Final.jar;E:\apache-maven-3.6.3\repo\com\github\xiaoymin\knife4j-spring-boot-starter\2.0.5\knife4j-spring-boot-starter-2.0.5.jar;E:\apache-maven-3.6.3\repo\com\github\xiaoymin\knife4j-spring-boot-autoconfigure\2.0.5\knife4j-spring-boot-autoconfigure-2.0.5.jar;E:\apache-maven-3.6.3\repo\com\github\xiaoymin\knife4j-spring\2.0.5\knife4j-spring-2.0.5.jar;E:\apache-maven-3.6.3\repo\com\github\xiaoymin\knife4j-annotations\2.0.5\knife4j-annotations-2.0.5.jar;E:\apache-maven-3.6.3\repo\com\github\xiaoymin\knife4j-core\2.0.5\knife4j-core-2.0.5.jar;E:\apache-maven-3.6.3\repo\org\javassist\javassist\3.25.0-GA\javassist-3.25.0-GA.jar;E:\apache-maven-3.6.3\repo\io\springfox\springfox-bean-validators\2.9.2\springfox-bean-validators-2.9.2.jar;E:\apache-maven-3.6.3\repo\com\github\xiaoymin\knife4j-spring-ui\2.0.5\knife4j-spring-ui-2.0.5.jar;E:\apache-maven-3.6.3\repo\org\projectlombok\lombok\1.18.12\lombok-1.18.12.jar;E:\apache-maven-3.6.3\repo\org\springframework\boot\spring-boot-starter-tomcat\2.3.4.RELEASE\spring-boot-starter-tomcat-2.3.4.RELEASE.jar;E:\apache-maven-3.6.3\repo\jakarta\annotation\jakarta.annotation-api\1.3.5\jakarta.annotation-api-1.3.5.jar;E:\apache-maven-3.6.3\repo\org\apache\tomcat\embed\tomcat-embed-core\9.0.38\tomcat-embed-core-9.0.38.jar;E:\apache-maven-3.6.3\repo\org\glassfish\jakarta.el\3.0.3\jakarta.el-3.0.3.jar;E:\apache-maven-3.6.3\repo\org\apache\tomcat\embed\tomcat-embed-websocket\9.0.38\tomcat-embed-websocket-9.0.38.jar;E:\apache-maven-3.6.3\repo\org\springframework\boot\spring-boot-starter-test\2.3.4.RELEASE\spring-boot-starter-test-2.3.4.RELEASE.jar;E:\apache-maven-3.6.3\repo\org\springframework\boot\spring-boot-test\2.3.4.RELEASE\spring-boot-test-2.3.4.RELEASE.jar;E:\apache-maven-3.6.3\repo\org\springframework\boot\spring-boot-test-autoconfigure\2.3.4.RELEASE\spring-boot-test-autoconfigure-2.3.4.RELEASE.jar;E:\apache-maven-3.6.3\repo\com\jayway\jsonpath\json-path\2.4.0\json-path-2.4.0.jar;E:\apache-maven-3.6.3\repo\net\minidev\json-smart\2.3\json-smart-2.3.jar;E:\apache-maven-3.6.3\repo\net\minidev\accessors-smart\1.2\accessors-smart-1.2.jar;E:\apache-maven-3.6.3\repo\org\ow2\asm\asm\5.0.4\asm-5.0.4.jar;E:\apache-maven-3.6.3\repo\jakarta\xml\bind\jakarta.xml.bind-api\2.3.3\jakarta.xml.bind-api-2.3.3.jar;E:\apache-maven-3.6.3\repo\jakarta\activation\jakarta.activation-api\1.2.2\jakarta.activation-api-1.2.2.jar;E:\apache-maven-3.6.3\repo\org\assertj\assertj-core\3.16.1\assertj-core-3.16.1.jar;E:\apache-maven-3.6.3\repo\org\hamcrest\hamcrest\2.2\hamcrest-2.2.jar;E:\apache-maven-3.6.3\repo\org\junit\jupiter\junit-jupiter\5.6.2\junit-jupiter-5.6.2.jar;E:\apache-maven-3.6.3\repo\org\junit\jupiter\junit-jupiter-api\5.6.2\junit-jupiter-api-5.6.2.jar;E:\apache-maven-3.6.3\repo\org\apiguardian\apiguardian-api\1.1.0\apiguardian-api-1.1.0.jar;E:\apache-maven-3.6.3\repo\org\opentest4j\opentest4j\1.2.0\opentest4j-1.2.0.jar;E:\apache-maven-3.6.3\repo\org\junit\platform\junit-platform-commons\1.6.2\junit-platform-commons-1.6.2.jar;E:\apache-maven-3.6.3\repo\org\junit\jupiter\junit-jupiter-params\5.6.2\junit-jupiter-params-5.6.2.jar;E:\apache-maven-3.6.3\repo\org\junit\jupiter\junit-jupiter-engine\5.6.2\junit-jupiter-engine-5.6.2.jar;E:\apache-maven-3.6.3\repo\org\junit\platform\junit-platform-engine\1.6.2\junit-platform-engine-1.6.2.jar;E:\apache-maven-3.6.3\repo\org\mockito\mockito-core\3.3.3\mockito-core-3.3.3.jar;E:\apache-maven-3.6.3\repo\net\bytebuddy\byte-buddy\1.10.14\byte-buddy-1.10.14.jar;E:\apache-maven-3.6.3\repo\net\bytebuddy\byte-buddy-agent\1.10.14\byte-buddy-agent-1.10.14.jar;E:\apache-maven-3.6.3\repo\org\objenesis\objenesis\2.6\objenesis-2.6.jar;E:\apache-maven-3.6.3\repo\org\mockito\mockito-junit-jupiter\3.3.3\mockito-junit-jupiter-3.3.3.jar;E:\apache-maven-3.6.3\repo\org\skyscreamer\jsonassert\1.5.0\jsonassert-1.5.0.jar;E:\apache-maven-3.6.3\repo\com\vaadin\external\google\android-json\0.0.20131108.vaadin1\android-json-0.0.20131108.vaadin1.jar;E:\apache-maven-3.6.3\repo\org\springframework\spring-core\5.2.9.RELEASE\spring-core-5.2.9.RELEASE.jar;E:\apache-maven-3.6.3\repo\org\springframework\spring-jcl\5.2.9.RELEASE\spring-jcl-5.2.9.RELEASE.jar;E:\apache-maven-3.6.3\repo\org\springframework\spring-test\5.2.9.RELEASE\spring-test-5.2.9.RELEASE.jar;E:\apache-maven-3.6.3\repo\org\xmlunit\xmlunit-core\2.7.0\xmlunit-core-2.7.0.jar;"/>
    <property name="sun.cpu.endian" value="little"/>
    <property name="user.home" value="C:\Users\aoxiang-zhangqian"/>
    <property name="user.language" value="zh"/>
    <property name="java.specification.vendor" value="Oracle Corporation"/>
    <property name="java.home" value="C:\Program Files\BellSoft\LibericaJDK-8\jre"/>
    <property name="basedir" value="F:\workspace\mall"/>
    <property name="file.separator" value="\"/>
    <property name="line.separator" value="&#10;"/>
    <property name="java.vm.specification.vendor" value="Oracle Corporation"/>
    <property name="java.specification.name" value="Java Platform API Specification"/>
    <property name="java.awt.graphicsenv" value="sun.awt.Win32GraphicsEnvironment"/>
    <property name="surefire.real.class.path" value="C:\Users\AOXIAN~1\AppData\Local\Temp\surefire3579044096509733890\surefirebooter474027603063989570.jar"/>
    <property name="sun.boot.class.path" value="C:\Program Files\BellSoft\LibericaJDK-8\jre\lib\resources.jar;C:\Program Files\BellSoft\LibericaJDK-8\jre\lib\rt.jar;C:\Program Files\BellSoft\LibericaJDK-8\jre\lib\sunrsasign.jar;C:\Program Files\BellSoft\LibericaJDK-8\jre\lib\jsse.jar;C:\Program Files\BellSoft\LibericaJDK-8\jre\lib\jce.jar;C:\Program Files\BellSoft\LibericaJDK-8\jre\lib\charsets.jar;C:\Program Files\BellSoft\LibericaJDK-8\jre\lib\jfr.jar;C:\Program Files\BellSoft\LibericaJDK-8\jre\classes"/>
    <property name="user.script" value=""/>
    <property name="sun.management.compiler" value="HotSpot 64-Bit Tiered Compilers"/>
    <property name="java.runtime.version" value="1.8.0_265-b01"/>
    <property name="user.name" value="aoxiang-zhangqian"/>
    <property name="path.separator" value=";"/>
    <property name="os.version" value="10.0"/>
    <property name="java.endorsed.dirs" value="C:\Program Files\BellSoft\LibericaJDK-8\jre\lib\endorsed"/>
    <property name="java.runtime.name" value="OpenJDK Runtime Environment"/>
    <property name="file.encoding" value="GBK"/>
    <property name="java.vm.name" value="OpenJDK 64-Bit Server VM"/>
    <property name="localRepository" value="E:\apache-maven-3.6.3\repo"/>
    <property name="java.vendor.url.bug" value="https://bell-sw.com/support"/>
    <property name="java.io.tmpdir" value="C:\Users\AOXIAN~1\AppData\Local\Temp\"/>
    <property name="idea.version" value="2020.2.3"/>
    <property name="java.version" value="1.8.0_265"/>
    <property name="user.dir" value="F:\workspace\mall"/>
    <property name="os.arch" value="amd64"/>
    <property name="java.vm.specification.name" value="Java Virtual Machine Specification"/>
    <property name="java.awt.printerjob" value="sun.awt.windows.WPrinterJob"/>
    <property name="sun.os.patch.level" value=""/>
    <property name="java.library.path" value="C:\Program Files\BellSoft\LibericaJDK-8\jre\bin;C:\WINDOWS\Sun\Java\bin;C:\WINDOWS\system32;C:\WINDOWS;C:\Program Files\BellSoft\LibericaJDK-8\bin\;C:\WINDOWS\system32;C:\WINDOWS;C:\WINDOWS\System32\Wbem;C:\WINDOWS\System32\WindowsPowerShell\v1.0\;C:\WINDOWS\System32\OpenSSH\;C:\Program Files\Git\cmd;C:\Program Files\nodejs\;E:\apache-maven-3.6.3\bin;E:\kotlinc\bin;D:\Program Files (x86)\NetSarang\Xshell 7\;D:\Program Files (x86)\NetSarang\Xftp 7\;C:\Users\aoxiang-zhangqian\AppData\Local\Programs\Python\Python38\Scripts\;C:\Users\aoxiang-zhangqian\AppData\Local\Programs\Python\Python38\;C:\Users\aoxiang-zhangqian\.cargo\bin;C:\Users\aoxiang-zhangqian\AppData\Local\Programs\Python\Python38-32\Scripts\;C:\Users\aoxiang-zhangqian\AppData\Local\Programs\Python\Python38-32\;C:\Users\aoxiang-zhangqian\AppData\Local\Microsoft\WindowsApps;c:\program files\esafenet\cobra docguard client;C:\Users\aoxiang-zhangqian\AppData\Roaming\npm;E:\apache-maven-3.6.3\bin;C:\Users\aoxiang-zhangqian\AppData\Local\Programs\Microsoft VS Code\bin;D:\Program Files\JetBrains\IntelliJ IDEA 2020.2.3\bin;;D:\Program Files\JetBrains\WebStorm 2020.2.3\bin;;D:\Program Files\JetBrains\DataGrip 2020.2.3\bin;;."/>
    <property name="java.vm.info" value="mixed mode"/>
    <property name="java.vendor" value="BellSoft"/>
    <property name="java.vm.version" value="25.265-b01"/>
    <property name="java.ext.dirs" value="C:\Program Files\BellSoft\LibericaJDK-8\jre\lib\ext;C:\WINDOWS\Sun\Java\lib\ext"/>
    <property name="sun.io.unicode.encoding" value="UnicodeLittle"/>
    <property name="maven.repo.local" value="E:\apache-maven-3.6.3\repo"/>
    <property name="java.class.version" value="52.0"/>
  </properties>
  <testcase name="contextLoads" classname="com.disapand.mall.MallApplicationTests" time="0.482"/>
</testsuite>